{"uuid":"3dc5138e-53dc-4494-b3ea-4f26f5172325","historyId":"f9394ab6a151a7c0d2fc4b2bd4183853","fullName":"src/test/resources/features/RegisterUser.feature:4","labels":[{"name":"tag","value":"UserRegistration"},{"name":"host","value":"DESKTOP-PTR6CNG"},{"name":"thread","value":"9820@DESKTOP-PTR6CNG.TestNG-PoolService-2(32)"},{"name":"feature","value":"User Registration"},{"name":"story","value":"Successful registration of a new user"},{"name":"suite","value":"User Registration"},{"name":"testClass","value":"Successful registration of a new user"},{"name":"framework","value":"cucumber4jvm"},{"name":"language","value":"java"},{"name":"gherkin_uri","value":"file:///C:/ENopcommerce/ENopcommerce/src/test/resources/features/RegisterUser.feature"},{"name":"package","value":"src.test.resources.features.RegisterUser_feature.User Registration"}],"links":[],"name":"Successful registration of a new user","status":"broken","statusDetails":{"known":false,"muted":false,"flaky":false,"message":"Cannot locate option with value: \nFor documentation on this error, please visit: https://www.selenium.dev/documentation/webdriver/troubleshooting/errors#no-such-element-exception\nBuild info: version: '4.15.0', revision: '1d14b5521b'\nSystem info: os.name: 'Windows 11', os.arch: 'amd64', os.version: '10.0', java.version: '20.0.2'\nDriver info: driver.version: unknown","trace":"org.openqa.selenium.NoSuchElementException: Cannot locate option with value: \nFor documentation on this error, please visit: https://www.selenium.dev/documentation/webdriver/troubleshooting/errors#no-such-element-exception\nBuild info: version: '4.15.0', revision: '1d14b5521b'\nSystem info: os.name: 'Windows 11', os.arch: 'amd64', os.version: '10.0', java.version: '20.0.2'\nDriver info: driver.version: unknown\r\n\tat org.openqa.selenium.support.ui.Select.findOptionsByValue(Select.java:289)\r\n\tat org.openqa.selenium.support.ui.Select.selectByValue(Select.java:194)\r\n\tat pages.RegistrationPage.fillRegistrationForm(RegistrationPage.java:83)\r\n\tat steps.RegistrationSteps.i_enter_the_registration_details(RegistrationSteps.java:69)\r\n\tat ✽.I enter the registration details(file:///C:/ENopcommerce/ENopcommerce/src/test/resources/features/RegisterUser.feature:7)\r\n"},"stage":"finished","steps":[{"name":"Given  I am on the homepage","status":"passed","statusDetails":{"known":false,"muted":false,"flaky":false},"stage":"finished","steps":[],"attachments":[],"parameters":[],"start":1701710896695,"stop":1701710898845},{"name":"When  I click on \"Register\"","status":"passed","statusDetails":{"known":false,"muted":false,"flaky":false},"stage":"finished","steps":[],"attachments":[],"parameters":[],"start":1701710898849,"stop":1701710899894},{"name":"And  I enter the registration details","status":"broken","statusDetails":{"known":false,"muted":false,"flaky":false,"message":"Cannot locate option with value: \nFor documentation on this error, please visit: https://www.selenium.dev/documentation/webdriver/troubleshooting/errors#no-such-element-exception\nBuild info: version: '4.15.0', revision: '1d14b5521b'\nSystem info: os.name: 'Windows 11', os.arch: 'amd64', os.version: '10.0', java.version: '20.0.2'\nDriver info: driver.version: unknown","trace":"org.openqa.selenium.NoSuchElementException: Cannot locate option with value: \nFor documentation on this error, please visit: https://www.selenium.dev/documentation/webdriver/troubleshooting/errors#no-such-element-exception\nBuild info: version: '4.15.0', revision: '1d14b5521b'\nSystem info: os.name: 'Windows 11', os.arch: 'amd64', os.version: '10.0', java.version: '20.0.2'\nDriver info: driver.version: unknown\r\n\tat org.openqa.selenium.support.ui.Select.findOptionsByValue(Select.java:289)\r\n\tat org.openqa.selenium.support.ui.Select.selectByValue(Select.java:194)\r\n\tat pages.RegistrationPage.fillRegistrationForm(RegistrationPage.java:83)\r\n\tat steps.RegistrationSteps.i_enter_the_registration_details(RegistrationSteps.java:69)\r\n\tat ✽.I enter the registration details(file:///C:/ENopcommerce/ENopcommerce/src/test/resources/features/RegisterUser.feature:7)\r\n"},"stage":"finished","steps":[],"attachments":[],"parameters":[],"start":1701710899895,"stop":1701710901608},{"name":"And  I click on Register button","status":"skipped","statusDetails":{"known":false,"muted":false,"flaky":false},"stage":"finished","steps":[],"attachments":[],"parameters":[],"start":1701710901610,"stop":1701710901610},{"name":"Then  I should see \"Your registration completed\" message","status":"skipped","statusDetails":{"known":false,"muted":false,"flaky":false},"stage":"finished","steps":[],"attachments":[],"parameters":[],"start":1701710901611,"stop":1701710901611}],"attachments":[],"parameters":[],"start":1701710890774,"stop":1701710902042}